<?xml version="1.0" encoding="UTF-8" ?>
<testsuite errors="0" failures="0" hostname="Michaels-MacBook-Pro.local" name="junit.TestCalculator" skipped="0" tests="5" time="5.127" timestamp="2017-08-11T18:03:24">
  <properties>
[...]
</properties>
  <testcase classname="junit.TestCalculator" name="testDivideByZero" time="0.005" />
  <testcase classname="junit.TestCalculator" name="testAdd" time="0.0" />
  <testcase classname="junit.TestCalculator" name="testSubtract" time="0.0" />
  <testcase classname="junit.TestCalculator" name="testDivide" time="0.0" />
  <testcase classname="junit.TestCalculator" name="testMultiply" time="0.001" />
  <system-out><![CDATA[]]></system-out>
  <system-err><![CDATA[]]></system-err>
</testsuite>
